phase: land-the-plane
change: compliance-framework-settings
epic: td-a3dd21
branch: feat/live-dashboard-metrics
timestamp: 2026-03-07
mode: intermediate (no commit, no PR, no checkout)

## Verification
- /opsx:verify: PASSED
- All 23/23 tasks complete
- All 7 spec requirements verified against implementation
- All files confirmed: compliance.ex, index.ex, framework_card_component.ex, router.ex, layouts.ex, tests

## Issues Approved: 34/35
- 23 implementation tasks: approved
- 11 review findings: approved
- 1 review gate (td-37e3a6): in_review (cannot self-approve, procedural only)

## Epic
- td-a3dd21 (Compliance Framework Settings): APPROVED

## Notes
- Intermediate change in multi-change pipeline — stayed on feat/live-dashboard-metrics
- No commit, PR, or branch checkout performed
