Takeoff complete. Here's the summary:

**Branch:** `feat/live-dashboard-metrics`
**Work session:** `ws-8285` — "Epic: Live Dashboard Metrics"
**Issues started:** 23 (all submitted for review)
**Skipped:** 1 (`td-b91f77` — review gate)

### What was implemented:

**Backend context functions:**
- `GA.Audit.count_logs/2` — counts audit logs within a 30-day rolling window (customizable via `since:`)
- `GA.Audit.recent_logs/2` — returns the N most recent audit logs ordered newest-first
- `GA.Accounts.count_active_api_keys/1` — counts non-revoked, non-expired API keys for an account (joins through `account_users`)
- `GA.Compliance.count_active_frameworks/1` — counts active compliance frameworks

**Dashboard LiveView updates:**
- Mount queries all four context functions + `verify_chain` and assigns results
- "Compliance Score" card replaced with **Active Frameworks** (live count)
- "Open Findings" card replaced with **Chain Status** (verified/broken/no logs)
- Audit Logs card shows live count with "last 30d" label
- API Keys card shows live active count
- Recent activity renders real audit log entries with action-derived icons/colors and relative timestamps
- Getting started checklist dynamically reflects framework and API key state
- System Status section annotated with code comment noting it awaits health check system
- Added helper functions: `action_icon/1`, `action_color/1`, `relative_time/1`, `format_activity_detail/1`

**Tests:** 22 new tests across 4 test files, all passing with zero warnings.
